0 info it worked if it ends with ok
1 verbose cli [ 'node', '/Users/scott.prue/.nvm/v0.10.38/bin/npm', 'publish' ]
2 info using npm@2.14.2
3 info using node@v0.10.38
4 verbose publish [ '.' ]
5 silly cache add args [ '.', null ]
6 verbose cache add spec .
7 silly cache add parsed spec { raw: '.',
7 silly cache add   scope: null,
7 silly cache add   name: null,
7 silly cache add   rawSpec: '.',
7 silly cache add   spec: '/Users/scott.prue/Dev/Code/kyper/generator-react-redux',
7 silly cache add   type: 'directory' }
8 verbose addLocalDirectory /Users/scott.prue/.npm/generator-react-redux/0.0.1/package.tgz not in flight; packing
9 verbose tar pack [ '/Users/scott.prue/.npm/generator-react-redux/0.0.1/package.tgz',
9 verbose tar pack   '/Users/scott.prue/Dev/Code/kyper/generator-react-redux' ]
10 verbose tarball /Users/scott.prue/.npm/generator-react-redux/0.0.1/package.tgz
11 verbose folder /Users/scott.prue/Dev/Code/kyper/generator-react-redux
12 info prepublish generator-react-redux@0.0.1
13 verbose addLocalTarball adding from inside cache /Users/scott.prue/.npm/generator-react-redux/0.0.1/package.tgz
14 silly cache afterAdd generator-react-redux@0.0.1
15 verbose afterAdd /Users/scott.prue/.npm/generator-react-redux/0.0.1/package/package.json not in flight; writing
16 verbose afterAdd /Users/scott.prue/.npm/generator-react-redux/0.0.1/package/package.json written
17 silly publish { name: 'generator-react-redux',
17 silly publish   version: '0.0.1',
17 silly publish   description: 'Yeoman generator for React/Redux projects.',
17 silly publish   license: 'MIT',
17 silly publish   main: 'generators/app/index.js',
17 silly publish   files: [ 'generators' ],
17 silly publish   repository:
17 silly publish    { type: 'git',
17 silly publish      url: 'git+https://github.com/kypertech/generator-react-redux.git' },
17 silly publish   author: { name: 'Scott', url: 'https://github.com/prescottprue' },
17 silly publish   scripts: { test: 'mocha' },
17 silly publish   keywords: [ 'yeoman-generator', 'kyper', 'react', 'redux', 'react-redux' ],
17 silly publish   dependencies:
17 silly publish    { 'yeoman-generator': '^0.21.1',
17 silly publish      chalk: '^1.0.0',
17 silly publish      yosay: '^1.0.2' },
17 silly publish   devDependencies: { mocha: '*' },
17 silly publish   readme: '# generator-react-redux\n\nHelps start and build projects using [React](https://facebook.github.io/react/) and [Redux](https://github.com/rackt/redux).\n\n> [Yeoman](http://yeoman.io) generator\n\n\n## Getting Started\n\n### What is Yeoman?\n\nTrick question. It\'s not a thing. It\'s this guy:\n\n![](http://i.imgur.com/JHaAlBJ.png)\n\nBasically, he wears a top hat, lives in your computer, and waits for you to tell him what kind of application you wish to create.\n\nNot every new computer comes with a Yeoman pre-installed. He lives in the [npm](https://npmjs.org) package repository. You only have to ask for him once, then he packs up and moves into your hard drive. *Make sure you clean up, he likes new and shiny things.*\n\n```bash\nnpm install -g yo\n```\n\n### Yeoman Generators\n\nYeoman travels light. He didn\'t pack any generators when he moved in. You can think of a generator like a plug-in. You get to choose what type of application you wish to create, such as a Backbone application or even a Chrome extension.\n\nTo install generator-generator-kyper-react from npm, run:\n\n```bash\nnpm install -g generator-generator-kyper-react\n```\n\nFinally, initiate the generator:\n\n```bash\nyo generator kyper react\n```\n\n### Getting To Know Yeoman\n\nYeoman has a heart of gold. He\'s a person with feelings and opinions, but he\'s very easy to work with. If you think he\'s too opinionated, he can be easily convinced.\n\nIf you\'d like to get to know Yeoman better and meet some of his friends, [Grunt](http://gruntjs.com) and [Bower](http://bower.io), check out the complete [Getting Started Guide](https://github.com/yeoman/yeoman/wiki/Getting-Started).\n\n\n## License\n\nMIT\n',
17 silly publish   readmeFilename: 'README.md',
17 silly publish   gitHead: 'beaa7cf59ab34a35af1d5c31c79658e11a68d77a',
17 silly publish   bugs: { url: 'https://github.com/kypertech/generator-react-redux/issues' },
17 silly publish   homepage: 'https://github.com/kypertech/generator-react-redux#readme',
17 silly publish   _id: 'generator-react-redux@0.0.1',
17 silly publish   _shasum: 'd197ad37e8d9cb0b76357e2a188673106e072e2d',
17 silly publish   _from: '.' }
18 verbose getPublishConfig undefined
19 silly mapToRegistry name generator-react-redux
20 silly mapToRegistry using default registry
21 silly mapToRegistry registry https://registry.npmjs.org/
22 silly mapToRegistry uri https://registry.npmjs.org/generator-react-redux
23 verbose publish registryBase https://registry.npmjs.org/
24 silly publish uploading /Users/scott.prue/.npm/generator-react-redux/0.0.1/package.tgz
25 verbose request uri https://registry.npmjs.org/generator-react-redux
26 verbose request sending authorization for write operation
27 info attempt registry request try #1 at 15:10:44
28 verbose request using bearer token for auth
29 verbose request id 9d6d7632d20e4cd2
30 http request PUT https://registry.npmjs.org/generator-react-redux
31 http 403 https://registry.npmjs.org/generator-react-redux
32 verbose headers { 'content-type': 'application/json',
32 verbose headers   'cache-control': 'max-age=60',
32 verbose headers   'content-length': '113',
32 verbose headers   'accept-ranges': 'bytes',
32 verbose headers   date: 'Thu, 05 Nov 2015 20:07:18 GMT',
32 verbose headers   via: '1.1 varnish',
32 verbose headers   connection: 'keep-alive',
32 verbose headers   'x-served-by': 'cache-iad2123-IAD',
32 verbose headers   'x-cache': 'MISS',
32 verbose headers   'x-cache-hits': '0',
32 verbose headers   'x-timer': 'S1446754037.746415,VS0,VE759' }
33 verbose request invalidating /Users/scott.prue/.npm/registry.npmjs.org/generator-react-redux on PUT
34 error publish Failed PUT 403
35 verbose stack Error: You do not have permission to publish 'generator-react-redux'. Are you logged in as the correct user? : generator-react-redux
35 verbose stack     at makeError (/Users/scott.prue/.nvm/v0.10.38/lib/node_modules/npm/node_modules/npm-registry-client/lib/request.js:263:12)
35 verbose stack     at CachingRegistryClient.<anonymous> (/Users/scott.prue/.nvm/v0.10.38/lib/node_modules/npm/node_modules/npm-registry-client/lib/request.js:251:14)
35 verbose stack     at Request._callback (/Users/scott.prue/.nvm/v0.10.38/lib/node_modules/npm/node_modules/npm-registry-client/lib/request.js:171:14)
35 verbose stack     at Request.self.callback (/Users/scott.prue/.nvm/v0.10.38/lib/node_modules/npm/node_modules/request/request.js:198:22)
35 verbose stack     at Request.emit (events.js:98:17)
35 verbose stack     at Request.<anonymous> (/Users/scott.prue/.nvm/v0.10.38/lib/node_modules/npm/node_modules/request/request.js:1073:14)
35 verbose stack     at Request.emit (events.js:117:20)
35 verbose stack     at IncomingMessage.<anonymous> (/Users/scott.prue/.nvm/v0.10.38/lib/node_modules/npm/node_modules/request/request.js:1019:12)
35 verbose stack     at IncomingMessage.emit (events.js:117:20)
35 verbose stack     at _stream_readable.js:944:16
36 verbose statusCode 403
37 verbose pkgid generator-react-redux
38 verbose cwd /Users/scott.prue/Dev/Code/kyper/generator-react-redux
39 error Darwin 14.3.0
40 error argv "node" "/Users/scott.prue/.nvm/v0.10.38/bin/npm" "publish"
41 error node v0.10.38
42 error npm  v2.14.2
43 error code E403
44 error You do not have permission to publish 'generator-react-redux'. Are you logged in as the correct user? : generator-react-redux
45 error If you need help, you may report this error at:
45 error     <https://github.com/npm/npm/issues>
46 verbose exit [ 1, true ]
